TN:
SF:ll.js
FN:6,(anonymous_0)
FN:9,(anonymous_1)
FN:18,(anonymous_2)
FN:31,(anonymous_3)
FN:50,(anonymous_4)
FNF:5
FNH:3
FNDA:5,(anonymous_0)
FNDA:3,(anonymous_1)
FNDA:4,(anonymous_2)
FNDA:0,(anonymous_3)
FNDA:0,(anonymous_4)
DA:3,1
DA:7,5
DA:10,3
DA:11,3
DA:12,2
DA:14,1
DA:15,1
DA:19,4
DA:20,4
DA:21,2
DA:23,2
DA:24,2
DA:25,1
DA:27,2
DA:32,0
DA:33,0
DA:34,0
DA:35,0
DA:37,0
DA:38,0
DA:39,0
DA:40,0
DA:43,0
DA:44,0
DA:45,0
DA:48,0
DA:51,0
DA:52,0
DA:53,0
DA:54,0
DA:58,0
DA:59,0
DA:60,0
DA:62,0
DA:65,0
DA:68,0
DA:71,0
DA:72,0
DA:76,0
DA:78,0
DA:81,1
LF:41
LH:15
BRDA:11,0,0,2
BRDA:11,0,1,1
BRDA:20,1,0,2
BRDA:20,1,1,2
BRDA:37,2,0,0
BRDA:37,2,1,0
BRDA:43,3,0,0
BRDA:43,3,1,0
BRDA:58,4,0,0
BRDA:58,4,1,0
BRDA:59,5,0,0
BRDA:59,5,1,0
BRF:12
BRH:4
end_of_record
TN:
SF:node.js
FN:4,(anonymous_0)
FNF:1
FNH:1
FNDA:8,(anonymous_0)
DA:5,8
DA:6,8
DA:9,2
LF:3
LH:3
BRDA:4,0,0,8
BRF:1
BRH:1
end_of_record
